<?xml version="1.0" encoding="UTF-8"?>
<testsuite xmlns:xsi="http://www.w3.org/2001/XMLSchema-instance" xsi:noNamespaceSchemaLocation="https://maven.apache.org/surefire/maven-surefire-plugin/xsd/surefire-test-report.xsd" name="com.cucumber.runner.TestRunner" time="0.518" tests="5" errors="2" skipped="3" failures="0">
  <properties>
[...]
</properties>
  <testcase name="Given Launch npower site" classname="| shiva.siri@gmail.com | siri3043 |" time="0.006">
    <error message="Arity mismatch: Step Definition &apos;com.cucumber.test.Step_Def_npowerlogin.launch_npower_site() in file:/C:/Users/shiva/eclipse-workspace/sampletwo/target/test-classes/&apos; with pattern [^Launch npower site$] is declared with 0 parameters. However, the gherkin step has 1 arguments [Table:[[shiva.siri@gmail.com], [siri3043]]]. &#10;Step: Given Launch npower site" type="cucumber.runtime.CucumberException">cucumber.runtime.CucumberException: 
Arity mismatch: Step Definition 'com.cucumber.test.Step_Def_npowerlogin.launch_npower_site() in file:/C:/Users/shiva/eclipse-workspace/sampletwo/target/test-classes/' with pattern [^Launch npower site$] is declared with 0 parameters. However, the gherkin step has 1 arguments [Table:[[shiva.siri@gmail.com], [siri3043]]]. 
Step: Given Launch npower site
</error>
    <system-out><![CDATA[Feature: Smartmeter page

  Scenario Outline: Smartmeter page                    &amp#27;[90m# src/test/resources/npower/Smartmeters.feature:2&amp#27;[0m
    &amp#27;[36mGiven &amp#27;[0m&amp#27;[36mLaunch npower site&amp#27;[0m
    &amp#27;[36mWhen &amp#27;[0m&amp#27;[36mUser navigates to smartmeter page&amp#27;[0m
    &amp#27;[36mAnd &amp#27;[0m&amp#27;[36mUser click on Smart meter installation reviews&amp#27;[0m
    &amp#27;[36mThen &amp#27;[0m&amp#27;[36mUser click on logout&amp#27;[0m

    Examples: 
]]></system-out>
  </testcase>
  <testcase name="| shiva.siri@gmail.com | siri3043 |" classname="| shiva.siri@gmail.com | siri3043 |" time="0.007">
    <error message="Arity mismatch: Step Definition &apos;com.cucumber.test.Step_Def_npowerlogin.launch_npower_site() in file:/C:/Users/shiva/eclipse-workspace/sampletwo/target/test-classes/&apos; with pattern [^Launch npower site$] is declared with 0 parameters. However, the gherkin step has 1 arguments [Table:[[shiva.siri@gmail.com], [siri3043]]]. &#10;Step: Given Launch npower site" type="cucumber.runtime.CucumberException">cucumber.runtime.CucumberException: 
Arity mismatch: Step Definition 'com.cucumber.test.Step_Def_npowerlogin.launch_npower_site() in file:/C:/Users/shiva/eclipse-workspace/sampletwo/target/test-classes/' with pattern [^Launch npower site$] is declared with 0 parameters. However, the gherkin step has 1 arguments [Table:[[shiva.siri@gmail.com], [siri3043]]]. 
Step: Given Launch npower site
</error>
  </testcase>
  <testcase name="When User navigates to smartmeter page" classname="| shiva.siri@gmail.com | siri3043 |" time="0">
    <skipped/>
  </testcase>
  <testcase name="And User click on Smart meter installation reviews" classname="| shiva.siri@gmail.com | siri3043 |" time="0">
    <skipped/>
  </testcase>
  <testcase name="Then User click on logout" classname="| shiva.siri@gmail.com | siri3043 |" time="0">
    <skipped/>
  </testcase>
</testsuite>